{"level":"info","message":"Connected to email server","timestamp":"2025-05-07T13:14:29.860Z"}
{"level":"info","message":"Connected to MongoDB","timestamp":"2025-05-07T13:16:24.314Z"}
{"level":"info","message":"Listening to port 3000","timestamp":"2025-05-07T13:16:24.322Z"}
{"level":"info","message":"Connected to email server","timestamp":"2025-05-07T13:16:30.742Z"}
{"level":"error","message":"192.168.65.1 - POST /v1/auth/login 401 - 41.147 ms - message: Incorrect email or password","timestamp":"2025-05-07T13:16:53.310Z"}
{"level":"info","message":"Connected to MongoDB","timestamp":"2025-05-07T15:32:25.810Z"}
{"level":"info","message":"Listening to port 3000","timestamp":"2025-05-07T15:32:25.821Z"}
{"level":"info","message":"Connected to email server","timestamp":"2025-05-07T15:32:31.402Z"}
{"level":"info","message":"Connected to MongoDB","timestamp":"2025-05-07T15:36:56.198Z"}
{"level":"info","message":"Listening to port 3000","timestamp":"2025-05-07T15:36:56.220Z"}
{"level":"info","message":"Connected to email server","timestamp":"2025-05-07T15:36:57.509Z"}
{"level":"error","message":"172.18.0.4 - POST /v1/auth/login 401 - 44.621 ms - message: Incorrect email or password","timestamp":"2025-05-07T15:37:08.042Z"}
{"level":"error","message":"172.18.0.4 - POST /v1/auth/login 401 - 13.403 ms - message: Incorrect email or password","timestamp":"2025-05-07T15:39:46.974Z"}
{"level":"error","message":"172.18.0.4 - POST /v1/auth/login 401 - 15.848 ms - message: Incorrect email or password","timestamp":"2025-05-07T15:42:43.085Z"}
{"level":"info","message":"Connected to MongoDB","timestamp":"2025-05-07T17:56:58.728Z"}
{"level":"info","message":"Listening to port 3000","timestamp":"2025-05-07T17:56:58.737Z"}
{"level":"info","message":"Connected to email server","timestamp":"2025-05-07T17:57:04.394Z"}
{"level":"info","message":"Connected to MongoDB","timestamp":"2025-05-07T18:05:02.933Z"}
{"level":"info","message":"Listening to port 3000","timestamp":"2025-05-07T18:05:02.937Z"}
{"level":"info","message":"Connected to email server","timestamp":"2025-05-07T18:05:08.854Z"}
{"level":"info","message":"SIGTERM received","timestamp":"2025-05-07T18:05:37.729Z"}
